<?xml version="1.0" encoding="UTF-8"?>
<testng-results skipped="0" failed="0" ignored="0" total="1" passed="1">
  <reporter-output>
  </reporter-output>
  <suite name="Default suite" duration-ms="61964" started-at="2020-04-22T02:23:52 IST" finished-at="2020-04-22T02:24:53 IST">
    <groups>
    </groups>
    <test name="Default test" duration-ms="61964" started-at="2020-04-22T02:23:52 IST" finished-at="2020-04-22T02:24:53 IST">
      <class name="com.ebay.testCases.LoginAndSearchProductTest">
        <test-method status="PASS" signature="beforeClass()[pri:0, instance:com.ebay.testCases.LoginAndSearchProductTest@27a5f880]" name="beforeClass" is-config="true" duration-ms="9582" started-at="2020-04-22T02:23:52 IST" finished-at="2020-04-22T02:24:01 IST">
          <reporter-output>
          </reporter-output>
        </test-method> <!-- beforeClass -->
        <test-method status="PASS" signature="LoginAndSearchTest()[pri:0, instance:com.ebay.testCases.LoginAndSearchProductTest@27a5f880]" name="LoginAndSearchTest" duration-ms="48043" started-at="2020-04-22T02:24:01 IST" finished-at="2020-04-22T02:24:49 IST">
          <reporter-output>
          </reporter-output>
        </test-method> <!-- LoginAndSearchTest -->
        <test-method status="PASS" signature="afterClass()[pri:0, instance:com.ebay.testCases.LoginAndSearchProductTest@27a5f880]" name="afterClass" is-config="true" duration-ms="4275" started-at="2020-04-22T02:24:49 IST" finished-at="2020-04-22T02:24:53 IST">
          <reporter-output>
          </reporter-output>
        </test-method> <!-- afterClass -->
      </class> <!-- com.ebay.testCases.LoginAndSearchProductTest -->
    </test> <!-- Default test -->
  </suite> <!-- Default suite -->
</testng-results>
